<?xml version="1.0" encoding="UTF-8"?>
<!-- Generated by org.testng.reporters.JUnitXMLReporter -->
<testsuite ignored="0" hostname="Shahnozas-MacBook-Air.local" failures="0" tests="3" name="TestNGProject" time="16.076" errors="0" timestamp="2023-02-07T20:09:58 MST">
  <testcase classname="test.LoginTest" name="validAdminLogin" time="1.0"/>
  <testcase classname="test.LoginTest" name="validUserEmptyPassword" time="0.172"/>
  <testcase classname="test.LoginTest" name="validUserInvalidPassword" time="0.64"/>
</testsuite> <!-- TestNGProject -->
