<?xml version="1.0" encoding="UTF-8"?>
<testng-results ignored="0" total="3" passed="3" failed="0" skipped="0">
  <reporter-output>
  </reporter-output>
  <suite started-at="2023-02-07T20:09:42 MST" name="Default Suite" finished-at="2023-02-07T20:09:58 MST" duration-ms="16076">
    <groups>
    </groups>
    <test started-at="2023-02-07T20:09:42 MST" name="TestNGProject" finished-at="2023-02-07T20:09:58 MST" duration-ms="16076">
      <class name="test.LoginTest">
        <test-method is-config="true" signature="startBrowser()[pri:0, instance:test.LoginTest@60438a68]" started-at="2023-02-07T20:09:42 MST" name="startBrowser" finished-at="2023-02-07T20:09:45 MST" duration-ms="3024" status="PASS">
          <reporter-output>
          </reporter-output>
        </test-method> <!-- startBrowser -->
        <test-method signature="validAdminLogin()[pri:0, instance:test.LoginTest@60438a68]" started-at="2023-02-07T20:09:45 MST" name="validAdminLogin" finished-at="2023-02-07T20:09:46 MST" duration-ms="1000" status="PASS">
          <reporter-output>
          </reporter-output>
        </test-method> <!-- validAdminLogin -->
        <test-method is-config="true" signature="quitBrowser()[pri:0, instance:test.LoginTest@60438a68]" started-at="2023-02-07T20:09:46 MST" name="quitBrowser" finished-at="2023-02-07T20:09:48 MST" duration-ms="2114" status="PASS">
          <reporter-output>
          </reporter-output>
        </test-method> <!-- quitBrowser -->
        <test-method is-config="true" signature="startBrowser()[pri:0, instance:test.LoginTest@60438a68]" started-at="2023-02-07T20:09:48 MST" name="startBrowser" finished-at="2023-02-07T20:09:50 MST" duration-ms="2335" status="PASS">
          <reporter-output>
          </reporter-output>
        </test-method> <!-- startBrowser -->
        <test-method signature="validUserEmptyPassword()[pri:0, instance:test.LoginTest@60438a68]" started-at="2023-02-07T20:09:50 MST" name="validUserEmptyPassword" finished-at="2023-02-07T20:09:51 MST" duration-ms="172" status="PASS">
          <reporter-output>
          </reporter-output>
        </test-method> <!-- validUserEmptyPassword -->
        <test-method is-config="true" signature="quitBrowser()[pri:0, instance:test.LoginTest@60438a68]" started-at="2023-02-07T20:09:51 MST" name="quitBrowser" finished-at="2023-02-07T20:09:53 MST" duration-ms="2137" status="PASS">
          <reporter-output>
          </reporter-output>
        </test-method> <!-- quitBrowser -->
        <test-method is-config="true" signature="startBrowser()[pri:0, instance:test.LoginTest@60438a68]" started-at="2023-02-07T20:09:53 MST" name="startBrowser" finished-at="2023-02-07T20:09:55 MST" duration-ms="2504" status="PASS">
          <reporter-output>
          </reporter-output>
        </test-method> <!-- startBrowser -->
        <test-method signature="validUserInvalidPassword()[pri:0, instance:test.LoginTest@60438a68]" started-at="2023-02-07T20:09:55 MST" name="validUserInvalidPassword" finished-at="2023-02-07T20:09:56 MST" duration-ms="640" status="PASS">
          <reporter-output>
          </reporter-output>
        </test-method> <!-- validUserInvalidPassword -->
        <test-method is-config="true" signature="quitBrowser()[pri:0, instance:test.LoginTest@60438a68]" started-at="2023-02-07T20:09:56 MST" name="quitBrowser" finished-at="2023-02-07T20:09:58 MST" duration-ms="2129" status="PASS">
          <reporter-output>
          </reporter-output>
        </test-method> <!-- quitBrowser -->
      </class> <!-- test.LoginTest -->
    </test> <!-- TestNGProject -->
  </suite> <!-- Default Suite -->
</testng-results>
